<?xml version="1.0" encoding="UTF-8"?>
<testng-results ignored="0" total="2" passed="2" failed="0" skipped="0">
  <reporter-output>
  </reporter-output>
  <suite started-at="2025-05-31T11:49:01 IST" name="Suite" finished-at="2025-05-31T11:49:18 IST" duration-ms="16823">
    <groups>
    </groups>
    <test started-at="2025-05-31T11:49:01 IST" name="Test" finished-at="2025-05-31T11:49:18 IST" duration-ms="16823">
      <class name="testCase.TC_001_LoginTest">
        <test-method is-config="true" signature="setup()[pri:0, instance:testCase.TC_001_LoginTest@df6620a]" started-at="2025-05-31T11:49:01 IST" name="setup" finished-at="2025-05-31T11:49:08 IST" duration-ms="6612" status="PASS">
          <reporter-output>
          </reporter-output>
        </test-method> <!-- setup -->
        <test-method signature="testLogin()[pri:0, instance:testCase.TC_001_LoginTest@df6620a]" started-at="2025-05-31T11:49:08 IST" name="testLogin" finished-at="2025-05-31T11:49:09 IST" duration-ms="1072" status="PASS">
          <reporter-output>
          </reporter-output>
        </test-method> <!-- testLogin -->
        <test-method is-config="true" signature="tearDown()[pri:0, instance:testCase.TC_001_LoginTest@df6620a]" started-at="2025-05-31T11:49:09 IST" name="tearDown" finished-at="2025-05-31T11:49:09 IST" duration-ms="169" status="PASS">
          <reporter-output>
          </reporter-output>
        </test-method> <!-- tearDown -->
      </class> <!-- testCase.TC_001_LoginTest -->
      <class name="testCase.TC_002_AdminTest">
        <test-method is-config="true" signature="setup()[pri:0, instance:testCase.TC_002_AdminTest@5117dd67]" started-at="2025-05-31T11:49:09 IST" name="setup" finished-at="2025-05-31T11:49:14 IST" duration-ms="5188" status="PASS">
          <reporter-output>
          </reporter-output>
        </test-method> <!-- setup -->
        <test-method signature="admintest()[pri:0, instance:testCase.TC_002_AdminTest@5117dd67]" started-at="2025-05-31T11:49:14 IST" name="admintest" finished-at="2025-05-31T11:49:18 IST" duration-ms="3493" status="PASS">
          <reporter-output>
          </reporter-output>
        </test-method> <!-- admintest -->
        <test-method is-config="true" signature="tearDown()[pri:0, instance:testCase.TC_002_AdminTest@5117dd67]" started-at="2025-05-31T11:49:18 IST" name="tearDown" finished-at="2025-05-31T11:49:18 IST" duration-ms="131" status="PASS">
          <reporter-output>
          </reporter-output>
        </test-method> <!-- tearDown -->
      </class> <!-- testCase.TC_002_AdminTest -->
    </test> <!-- Test -->
  </suite> <!-- Suite -->
</testng-results>
